#
# A fatal error has been detected by the Java Runtime Environment:
#
#  SIGSEGV (0xb) at pc=0x00007fff957b3c2c, pid=21219, tid=37511
#
# JRE version: Java(TM) SE Runtime Environment (8.0-b129) (build 1.8.0-b129)
# Java VM: Java HotSpot(TM) 64-Bit Server VM (25.0-b69 mixed mode bsd-amd64 compressed oops)
# Problematic frame:
# C  [libsystem_platform.dylib+0x3c2c]  _platform_memmove$VARIANT$Unknown+0x12c
#
# Failed to write core dump. Core dumps have been disabled. To enable core dumping, try "ulimit -c unlimited" before starting Java again
#
# If you would like to submit a bug report, please visit:
#   http://bugreport.sun.com/bugreport/crash.jsp
# The crash happened outside the Java Virtual Machine in native code.
# See problematic frame for where to report the bug.
#

---------------  T H R E A D  ---------------

Current thread (0x00007f9332ded000):  JavaThread "ForkJoinPool-24-worker-2" daemon [_thread_in_native, id=37511, stack(0x0000000131aa9000,0x0000000131ba9000)]

siginfo:si_signo=SIGSEGV: si_errno=0, si_code=1 (SEGV_MAPERR), si_addr=0x0000000126f4d000

Registers:
RAX=0x00007f933236d800, RBX=0x0000000126f4bf35, RCX=0x0000000000000020, RDX=0x0000000000005dcf
RSP=0x0000000131ba7b90, RBP=0x0000000131ba7b90, RSI=0x0000000126f4cfc3, RDI=0x00007f933236e860
R8 =0x0000000000000000, R9 =0x000000000000001a, R10=0x0000000000003400, R11=0x00007f920b42189d
R12=0x00000000572f7372, R13=0x000000006c632e63, R14=0x0000000043746961, R15=0x0000000000006174
RIP=0x00007fff957b3c2c, EFLAGS=0x0000000000010206, ERR=0x0000000000000004
  TRAPNO=0x000000000000000e

Top of Stack: (sp=0x0000000131ba7b90)
0x0000000131ba7b90:   0000000131ba7c00 000000010897015a
0x0000000131ba7ba0:   0000007431ba7be0 0000000000000061
0x0000000131ba7bb0:   0000000000006e69 00007f933236d800
0x0000000131ba7bc0:   0000000000006e6f 00007f9331b6bcf0
0x0000000131ba7bd0:   00007f9331dbffb0 00000000af487bad
0x0000000131ba7be0:   0000000000000ce0 00007f93302f4c00
0x0000000131ba7bf0:   00007f9331b6bcf0 00007f932c1833c0
0x0000000131ba7c00:   0000000131ba7c50 0000000108970654
0x0000000131ba7c10:   0000000000000014 0000001432ded000
0x0000000131ba7c20:   0000000131ba7c6e 0000000131ba80b8
0x0000000131ba7c30:   0000000000000014 0000000131ba7c6e
0x0000000131ba7c40:   00007f9331b6bcf0 00007f9332ded1e0
0x0000000131ba7c50:   0000000131ba80a0 000000010896f49f
0x0000000131ba7c60:   00000007c1c01eb8 6f64000100000001
0x0000000131ba7c70:   2e6f692e72656b63 69747265706f7270
0x0000000131ba7c80:   0000000131007365 0000000109d906b3
0x0000000131ba7c90:   00000007c1c01eb8 0000000131ba8060
0x0000000131ba7ca0:   00000001350dc800 00000001241fc2e0
0x0000000131ba7cb0:   0000000131ba7d00 0000000109d91112
0x0000000131ba7cc0:   00000001c1bed428 00000001350dc800
0x0000000131ba7cd0:   00000001350dc800 0000000131ba8060
0x0000000131ba7ce0:   00007f9331faccf0 00007f9332ded000
0x0000000131ba7cf0:   00000007c1c01eb8 0000000131ba8060
0x0000000131ba7d00:   0000000131ba7f00 0000000109d91ece
0x0000000131ba7d10:   00007f9332ded000 0000000109d91112
0x0000000131ba7d20:   0000000131facd10 00000001350dcbb0
0x0000000131ba7d30:   00000001350dcbb0 00000007c1c01eb8
0x0000000131ba7d40:   00007f932c22fe60 00000001241fc2e0
0x0000000131ba7d50:   00007f933312a710 00007f9331fa79e0
0x0000000131ba7d60:   00007f9331fa7900 00007f9332ded000
0x0000000131ba7d70:   0000000000000300 0000000000000001
0x0000000131ba7d80:   0000000123c5eaa8 00007f0000000061 

Instructions: (pc=0x00007fff957b3c2c)
0x00007fff957b3c0c:   80 00 00 00 76 4e 48 f7 c6 1f 00 00 00 74 25 c5
0x00007fff957b3c1c:   fc 29 0f c5 fc 29 57 20 48 83 c7 40 c5 fc 10 0e
0x00007fff957b3c2c:   c5 fc 10 56 20 48 83 c6 40 48 83 ea 40 77 e0 eb
0x00007fff957b3c3c:   23 0f 1f 00 c5 fc 29 0f c5 fc 29 57 20 48 83 c7 

Register to memory mapping:

RAX=0x00007f933236d800 is an unknown value
RBX=0x0000000126f4bf35 is an unknown value
RCX=0x0000000000000020 is an unknown value
RDX=0x0000000000005dcf is an unknown value
RSP=0x0000000131ba7b90 is pointing into the stack for thread: 0x00007f9332ded000
RBP=0x0000000131ba7b90 is pointing into the stack for thread: 0x00007f9332ded000
RSI=0x0000000126f4cfc3 is an unknown value
RDI=0x00007f933236e860 is an unknown value
R8 =0x0000000000000000 is an unknown value
R9 =0x000000000000001a is an unknown value
R10=0x0000000000003400 is an unknown value
R11=0x00007f920b42189d is an unknown value
R12=0x00000000572f7372 is an unknown value
R13=0x000000006c632e63 is an unknown value
R14=0x0000000043746961 is an unknown value
R15=0x0000000000006174 is an unknown value


Stack: [0x0000000131aa9000,0x0000000131ba9000],  sp=0x0000000131ba7b90,  free space=1018k
Native frames: (J=compiled Java code, j=interpreted, Vv=VM code, C=native code)
C  [libsystem_platform.dylib+0x3c2c]  _platform_memmove$VARIANT$Unknown+0x12c
C  [libzip.dylib+0x315a]  newEntry+0x2c8
C  [libzip.dylib+0x3654]  ZIP_GetEntry+0xa2
C  [libzip.dylib+0x249f]  Java_java_util_zip_ZipFile_getEntry+0xdd
J 125  java.util.zip.ZipFile.getEntry(J[BZ)J (0 bytes) @ 0x000000010aa02bce [0x000000010aa02b00+0xce]

Java frames: (J=compiled Java code, j=interpreted, Vv=VM code)
J 125  java.util.zip.ZipFile.getEntry(J[BZ)J (0 bytes) @ 0x000000010aa02b58 [0x000000010aa02b00+0x58]
J 13450 C2 java.util.zip.ZipFile.getEntry(Ljava/lang/String;)Ljava/util/zip/ZipEntry; (86 bytes) @ 0x000000010cff0320 [0x000000010cfeffc0+0x360]
J 15375 C1 sun.net.www.protocol.jar.URLJarFile.getEntry(Ljava/lang/String;)Ljava/util/zip/ZipEntry; (69 bytes) @ 0x000000010d654ce4 [0x000000010d654c20+0xc4]
J 30578 C1 sun.net.www.protocol.jar.JarURLConnection.connect()V (147 bytes) @ 0x00000001101e857c [0x00000001101e8100+0x47c]
J 29207 C2 java.net.URLClassLoader.getResourceAsStream(Ljava/lang/String;)Ljava/io/InputStream; (137 bytes) @ 0x000000010fd7e1a4 [0x000000010fd7e120+0x84]
J 6404 C1 java.lang.Class.getResourceAsStream(Ljava/lang/String;)Ljava/io/InputStream; (26 bytes) @ 0x000000010bc77e54 [0x000000010bc77520+0x934]
j  com.github.dockerjava.core.DockerClientConfig.loadIncludedDockerProperties()Ljava/util/Properties;+12
j  com.github.dockerjava.core.DockerClientConfig.createDefaultConfigBuilder()Lcom/github/dockerjava/core/DockerClientConfig$DockerClientConfigBuilder;+0
j  net.praqma.gradle.docker.DockerDslObject$_getDockerClient_closure3.doCall(Ljava/lang/Object;)Ljava/lang/Object;+0
j  net.praqma.gradle.docker.DockerDslObject$_getDockerClient_closure3.call()Ljava/lang/Object;+2
j  net.praqma.gradle.docker.DockerDslObject.getDockerClient()Lcom/github/dockerjava/api/DockerClient;+32
j  net.praqma.gradle.docker.DockerDslObject.findContainerByName(Ljava/lang/String;)Lnet/praqma/gradle/docker/ContainerInfo;+11
j  net.praqma.gradle.docker.DockerContainer.getContainerId()Ljava/lang/String;+17
j  net.praqma.gradle.docker.DockerContainer.stop()Ljava/lang/Object;+1
j  net.praqma.gradle.docker.jobs.ContainerJob$Stop.doExecute()V+12
j  net.praqma.gradle.docker.jobs.Job.exec()Z+19
J 17913 C1 java.util.concurrent.ForkJoinTask.doExec()I (37 bytes) @ 0x000000010b04b744 [0x000000010b04b600+0x144]
J 29180 C2 java.util.concurrent.ForkJoinPool.scan(Ljava/util/concurrent/ForkJoinPool$WorkQueue;I)I (317 bytes) @ 0x000000010fd5d918 [0x000000010fd5d640+0x2d8]
J 12990 C1 java.util.concurrent.ForkJoinPool.runWorker(Ljava/util/concurrent/ForkJoinPool$WorkQueue;)V (43 bytes) @ 0x000000010ce5a694 [0x000000010ce5a4e0+0x1b4]
J 13346 C1 java.util.concurrent.ForkJoinWorkerThread.run()V (192 bytes) @ 0x000000010b3d63c4 [0x000000010b3d6220+0x1a4]
v  ~StubRoutines::call_stub

---------------  P R O C E S S  ---------------

Java Threads: ( => current thread )
  0x00007f932bfa2800 JavaThread "ForkJoinPool-24-worker-10" daemon [_thread_blocked, id=43787, stack(0x0000000135f96000,0x0000000136096000)]
  0x00007f932ee75000 JavaThread "ForkJoinPool-24-worker-1" daemon [_thread_blocked, id=34211, stack(0x0000000135c69000,0x0000000135d69000)]
  0x00007f932e888000 JavaThread "ForkJoinPool-24-worker-8" daemon [_thread_blocked, id=35475, stack(0x0000000135b66000,0x0000000135c66000)]
  0x00007f932bd1b000 JavaThread "ForkJoinPool-24-worker-15" daemon [_thread_blocked, id=51079, stack(0x0000000135a63000,0x0000000135b63000)]
  0x00007f9332d85000 JavaThread "ForkJoinPool-24-worker-6" daemon [_thread_blocked, id=42419, stack(0x0000000135960000,0x0000000135a60000)]
  0x00007f932ec29800 JavaThread "ForkJoinPool-24-worker-13" daemon [_thread_blocked, id=42163, stack(0x000000013585d000,0x000000013595d000)]
  0x00007f932eb66000 JavaThread "ForkJoinPool-24-worker-4" daemon [_thread_blocked, id=63615, stack(0x000000013575a000,0x000000013585a000)]
  0x00007f932d2cc800 JavaThread "ForkJoinPool-24-worker-11" daemon [_thread_blocked, id=24963, stack(0x000000013545d000,0x000000013555d000)]
=>0x00007f9332ded000 JavaThread "ForkJoinPool-24-worker-2" daemon [_thread_in_native, id=37511, stack(0x0000000131aa9000,0x0000000131ba9000)]
  0x00007f932d185000 JavaThread "ForkJoinPool-24-worker-9" daemon [_thread_blocked, id=28599, stack(0x0000000128f72000,0x0000000129072000)]
  0x00007f9332b3b800 JavaThread "ForkJoinPool-19-worker-0" daemon [_thread_blocked, id=29055, stack(0x0000000131158000,0x0000000131258000)]
  0x00007f9333953000 JavaThread "process reaper" daemon [_thread_blocked, id=56771, stack(0x00000001264c8000,0x00000001264f0000)]
  0x00007f932db19800 JavaThread "ForkJoinPool-16-worker-3" daemon [_thread_blocked, id=62595, stack(0x0000000135e93000,0x0000000135f93000)]
  0x00007f9331106000 JavaThread "process reaper" daemon [_thread_blocked, id=29311, stack(0x0000000126452000,0x000000012647a000)]
  0x00007f9333962000 JavaThread "Stdin handler" [_thread_blocked, id=56931, stack(0x000000012fcf9000,0x000000012fdf9000)]
  0x00007f933289d800 JavaThread "Handler for socket connection at /0:0:0:0:0:0:0:1:52419 with /0:0:0:0:0:0:0:1:54234" [_thread_in_native, id=61035, stack(0x000000012daf4000,0x000000012dbf4000)]
  0x00007f933287b800 JavaThread "ForkJoinPool-1-worker-11" daemon [_thread_blocked, id=27575, stack(0x00000001276c9000,0x00000001277c9000)]
  0x00007f93329b3800 JavaThread "ForkJoinPool-14-worker-2" daemon [_thread_blocked, id=37763, stack(0x000000012d8ee000,0x000000012d9ee000)]
  0x00007f932f0f0000 JavaThread "ForkJoinPool-17-worker-1" daemon [_thread_blocked, id=46707, stack(0x000000012b75f000,0x000000012b85f000)]
  0x00007f932d9a6800 JavaThread "ForkJoinPool-21-worker-1" daemon [_thread_blocked, id=35943, stack(0x0000000127a2c000,0x0000000127b2c000)]
  0x00007f9330633800 JavaThread "ForkJoinPool-4-worker-18" daemon [_thread_blocked, id=52615, stack(0x000000012a9d2000,0x000000012aad2000)]
  0x00007f9330742000 JavaThread "ForkJoinPool-13-worker-11" daemon [_thread_blocked, id=59327, stack(0x000000012d9f1000,0x000000012daf1000)]
  0x00007f93304e0800 JavaThread "ForkJoinPool-18-worker-6" daemon [_thread_blocked, id=53363, stack(0x000000012f9b1000,0x000000012fab1000)]
  0x00007f9331381000 JavaThread "ForkJoinPool-12-worker-4" daemon [_thread_blocked, id=47187, stack(0x000000012f0ae000,0x000000012f1ae000)]
  0x00007f933295d800 JavaThread "ForkJoinPool-22-worker-4" daemon [_thread_blocked, id=31331, stack(0x000000012d7eb000,0x000000012d8eb000)]
  0x00007f9330784800 JavaThread "ForkJoinPool-11-worker-8" daemon [_thread_blocked, id=35199, stack(0x000000012c3dc000,0x000000012c4dc000)]
  0x00007f933119c800 JavaThread "ForkJoinPool-9-worker-1" daemon [_thread_blocked, id=42579, stack(0x00000001289dd000,0x0000000128add000)]
  0x00007f93329b7000 JavaThread "ForkJoinPool-20-worker-1" daemon [_thread_blocked, id=59551, stack(0x000000012efab000,0x000000012f0ab000)]
  0x00007f933127a000 JavaThread "ForkJoinPool-15-worker-14" daemon [_thread_blocked, id=47975, stack(0x0000000135d90000,0x0000000135e90000)]
  0x00007f9333830000 JavaThread "ForkJoinPool-10-worker-8" daemon [_thread_blocked, id=52311, stack(0x00000001319a6000,0x0000000131aa6000)]
  0x00007f933382f000 JavaThread "ForkJoinPool-23-worker-8" daemon [_thread_blocked, id=27215, stack(0x0000000135245000,0x0000000135345000)]
  0x00007f933083c800 JavaThread "ForkJoinPool-23-worker-15" daemon [_thread_blocked, id=43355, stack(0x0000000135142000,0x0000000135242000)]
  0x00007f932e3ee000 JavaThread "ForkJoinPool-23-worker-6" daemon [_thread_blocked, id=36647, stack(0x0000000134d9e000,0x0000000134e9e000)]
  0x00007f932f079800 JavaThread "ForkJoinPool-23-worker-13" daemon [_thread_blocked, id=56555, stack(0x0000000134895000,0x0000000134995000)]
  0x00007f932e3ed000 JavaThread "ForkJoinPool-23-worker-4" daemon [_thread_blocked, id=50319, stack(0x0000000134792000,0x0000000134892000)]
  0x00007f932e2c1000 JavaThread "ForkJoinPool-23-worker-11" daemon [_thread_blocked, id=50515, stack(0x0000000133c45000,0x0000000133d45000)]
  0x00007f9333c5c800 JavaThread "ForkJoinPool-23-worker-2" daemon [_thread_blocked, id=43079, stack(0x0000000131bac000,0x0000000131cac000)]
  0x00007f932f187000 JavaThread "Daemon Thread 8" [_thread_blocked, id=39551, stack(0x0000000129182000,0x0000000129282000)]
  0x00007f93310d3800 JavaThread "ForkJoinPool-2-worker-18" daemon [_thread_blocked, id=44635, stack(0x00000001288da000,0x00000001289da000)]
  0x00007f9332abd800 JavaThread "ForkJoinPool-3-worker-31" daemon [_thread_blocked, id=59075, stack(0x0000000128236000,0x0000000128336000)]
  0x00007f93300af800 JavaThread "ForkJoinPool-8-worker-1" daemon [_thread_blocked, id=51731, stack(0x000000012a627000,0x000000012a727000)]
  0x00007f933142c800 JavaThread "ForkJoinPool-7-worker-1" daemon [_thread_blocked, id=44819, stack(0x00000001298e3000,0x00000001299e3000)]
  0x00007f93300b2000 JavaThread "ForkJoinPool-6-worker-1" daemon [_thread_blocked, id=26903, stack(0x000000012907f000,0x000000012917f000)]
  0x00007f9331385000 JavaThread "ForkJoinPool-5-worker-1" daemon [_thread_blocked, id=40971, stack(0x000000012935c000,0x000000012945c000)]
  0x00007f932aa3c800 JavaThread "File lock request listener" [_thread_in_native, id=25347, stack(0x0000000128133000,0x0000000128233000)]
  0x00007f932b350000 JavaThread "Incoming local TCP Connector on port 52419" [_thread_in_native, id=23299, stack(0x0000000127523000,0x0000000127623000)]
  0x00007f932d004000 JavaThread "Service Thread" daemon [_thread_blocked, id=22275, stack(0x0000000126a67000,0x0000000126b67000)]
  0x00007f932d003800 JavaThread "C1 CompilerThread3" daemon [_thread_blocked, id=21763, stack(0x0000000126964000,0x0000000126a64000)]
  0x00007f932b835000 JavaThread "C2 CompilerThread2" daemon [_thread_blocked, id=21251, stack(0x0000000126861000,0x0000000126961000)]
  0x00007f932a831000 JavaThread "C2 CompilerThread1" daemon [_thread_blocked, id=20739, stack(0x000000012675e000,0x000000012685e000)]
  0x00007f932a80f000 JavaThread "C2 CompilerThread0" daemon [_thread_in_native, id=20227, stack(0x000000012665b000,0x000000012675b000)]
  0x00007f932a817000 JavaThread "Signal Dispatcher" daemon [_thread_blocked, id=19715, stack(0x0000000126558000,0x0000000126658000)]
  0x00007f932d000000 JavaThread "Finalizer" daemon [_thread_blocked, id=14595, stack(0x0000000126316000,0x0000000126416000)]
  0x00007f932c804000 JavaThread "Reference Handler" daemon [_thread_blocked, id=14083, stack(0x0000000126213000,0x0000000126313000)]
  0x00007f932b800000 JavaThread "main" [_thread_blocked, id=6403, stack(0x000000010881f000,0x000000010891f000)]

Other Threads:
  0x00007f932b85b800 VMThread [stack: 0x0000000126110000,0x0000000126210000] [id=13571]
  0x00007f932d034000 WatcherThread [stack: 0x0000000126b6a000,0x0000000126c6a000] [id=22787]

VM state:not at safepoint (normal execution)

VM Mutex/Monitor currently owned by a thread: None

Heap:
 PSYoungGen      total 199168K, used 71912K [0x000000076ab00000, 0x000000077a300000, 0x00000007c0000000)
  eden space 143360K, 46% used [0x000000076ab00000,0x000000076ec252e8,0x0000000773700000)
  from space 55808K, 9% used [0x0000000773700000,0x0000000773c15068,0x0000000776d80000)
  to   space 54784K, 0% used [0x0000000776d80000,0x0000000776d80000,0x000000077a300000)
 ParOldGen       total 154624K, used 109786K [0x00000006c0000000, 0x00000006c9700000, 0x000000076ab00000)
  object space 154624K, 71% used [0x00000006c0000000,0x00000006c6b368e0,0x00000006c9700000)
 Metaspace       used 190610K, capacity 202658K, committed 204672K, reserved 1224704K
  class space    used 24723K, capacity 28359K, committed 28800K, reserved 1048576K

Card table byte_map: [0x0000000119c7e000,0x000000011a47f000] byte_map_base: 0x000000011667e000

Marking Bits: (ParMarkBitMap*) 0x000000010a266000
 Begin Bits: [0x000000011b1ed000, 0x000000011f1ed000)
 End Bits:   [0x000000011f1ed000, 0x00000001231ed000)

Polling page: 0x0000000108963000

CodeCache: size=245760Kb used=92684Kb max_used=92709Kb free=153075Kb
 bounds [0x000000010a8be000, 0x00000001103be000, 0x00000001198be000]
 total_blobs=27297 nmethods=26605 adapters=605
 compilation: enabled

Compilation events (10 events):
Event: 6409.789 Thread 0x00007f932a831000 30961       4       org.codehaus.groovy.runtime.BytecodeInterface8::isOrigZ (4 bytes)
Event: 6409.790 Thread 0x00007f932a831000 nmethod 30961 0x000000010ce7a0d0 code [0x000000010ce7a200, 0x000000010ce7a258]
Event: 6409.790 Thread 0x00007f932d003800 nmethod 30960 0x000000011039ac50 code [0x000000011039af60, 0x000000011039c998]
Event: 6409.790 Thread 0x00007f932d003800 30962   !   3       com.sun.proxy.$Proxy11::afterScript (38 bytes)
Event: 6409.791 Thread 0x00007f932d003800 nmethod 30962 0x000000011039a190 code [0x000000011039a320, 0x000000011039a958]
Event: 6409.809 Thread 0x00007f932b835000 nmethod 30947 0x00000001103b1dd0 code [0x00000001103b2300, 0x00000001103b6278]
Event: 6409.810 Thread 0x00007f932d003800 30963       3       org.gradle.util.LinePerThreadBufferingOutputStream$1::initialValue (15 bytes)
Event: 6409.810 Thread 0x00007f932d003800 nmethod 30963 0x000000011039f790 code [0x000000011039f920, 0x000000011039fca8]
Event: 6409.810 Thread 0x00007f932d003800 30964       3       org.gradle.util.LinePerThreadBufferingOutputStream$1$1::<init> (10 bytes)
Event: 6409.810 Thread 0x00007f932d003800 nmethod 30964 0x0000000110399dd0 code [0x0000000110399f20, 0x000000011039a0f0]

GC Heap History (10 events):
Event: 6109.425 GC heap before
{Heap before GC invocations=118 (full 18):
 PSYoungGen      total 202240K, used 144626K [0x000000076ab00000, 0x000000077ae00000, 0x00000007c0000000)
  eden space 140288K, 100% used [0x000000076ab00000,0x0000000773400000,0x0000000773400000)
  from space 61952K, 7% used [0x0000000773400000,0x000000077383cba0,0x0000000777080000)
  to   space 61440K, 0% used [0x0000000777200000,0x0000000777200000,0x000000077ae00000)
 ParOldGen       total 154624K, used 101761K [0x00000006c0000000, 0x00000006c9700000, 0x000000076ab00000)
  object space 154624K, 65% used [0x00000006c0000000,0x00000006c63606b8,0x00000006c9700000)
 Metaspace       used 187808K, capacity 199118K, committed 201728K, reserved 1222656K
  class space    used 24326K, capacity 27650K, committed 28160K, reserved 1048576K
Event: 6109.431 GC heap after
Heap after GC invocations=118 (full 18):
 PSYoungGen      total 200704K, used 7408K [0x000000076ab00000, 0x000000077ab80000, 0x00000007c0000000)
  eden space 141824K, 0% used [0x000000076ab00000,0x000000076ab00000,0x0000000773580000)
  from space 58880K, 12% used [0x0000000777200000,0x000000077793c140,0x000000077ab80000)
  to   space 60416K, 0% used [0x0000000773580000,0x0000000773580000,0x0000000777080000)
 ParOldGen       total 154624K, used 101761K [0x00000006c0000000, 0x00000006c9700000, 0x000000076ab00000)
  object space 154624K, 65% used [0x00000006c0000000,0x00000006c63606b8,0x00000006c9700000)
 Metaspace       used 187808K, capacity 199118K, committed 201728K, reserved 1222656K
  class space    used 24326K, capacity 27650K, committed 28160K, reserved 1048576K
}
Event: 6392.677 GC heap before
{Heap before GC invocations=119 (full 18):
 PSYoungGen      total 200704K, used 149232K [0x000000076ab00000, 0x000000077ab80000, 0x00000007c0000000)
  eden space 141824K, 100% used [0x000000076ab00000,0x0000000773580000,0x0000000773580000)
  from space 58880K, 12% used [0x0000000777200000,0x000000077793c140,0x000000077ab80000)
  to   space 60416K, 0% used [0x0000000773580000,0x0000000773580000,0x0000000777080000)
 ParOldGen       total 154624K, used 101761K [0x00000006c0000000, 0x00000006c9700000, 0x000000076ab00000)
  object space 154624K, 65% used [0x00000006c0000000,0x00000006c63606b8,0x00000006c9700000)
 Metaspace       used 188766K, capacity 200364K, committed 202752K, reserved 1224704K
  class space    used 24463K, capacity 27899K, committed 28416K, reserved 1048576K
Event: 6392.683 GC heap after
Heap after GC invocations=119 (full 18):
 PSYoungGen      total 151552K, used 9331K [0x000000076ab00000, 0x000000077a900000, 0x00000007c0000000)
  eden space 141824K, 0% used [0x000000076ab00000,0x000000076ab00000,0x0000000773580000)
  from space 9728K, 95% used [0x0000000773580000,0x0000000773e9ccc0,0x0000000773f00000)
  to   space 58368K, 0% used [0x0000000777000000,0x0000000777000000,0x000000077a900000)
 ParOldGen       total 154624K, used 101761K [0x00000006c0000000, 0x00000006c9700000, 0x000000076ab00000)
  object space 154624K, 65% used [0x00000006c0000000,0x00000006c63606b8,0x00000006c9700000)
 Metaspace       used 188766K, capacity 200364K, committed 202752K, reserved 1224704K
  class space    used 24463K, capacity 27899K, committed 28416K, reserved 1048576K
}
Event: 6393.026 GC heap before
{Heap before GC invocations=120 (full 18):
 PSYoungGen      total 151552K, used 124606K [0x000000076ab00000, 0x000000077a900000, 0x00000007c0000000)
  eden space 141824K, 81% used [0x000000076ab00000,0x0000000771b92c48,0x0000000773580000)
  from space 9728K, 95% used [0x0000000773580000,0x0000000773e9ccc0,0x0000000773f00000)
  to   space 58368K, 0% used [0x0000000777000000,0x0000000777000000,0x000000077a900000)
 ParOldGen       total 154624K, used 101761K [0x00000006c0000000, 0x00000006c9700000, 0x000000076ab00000)
  object space 154624K, 65% used [0x00000006c0000000,0x00000006c63606b8,0x00000006c9700000)
 Metaspace       used 189633K, capacity 201412K, committed 203648K, reserved 1224704K
  class space    used 24586K, capacity 28110K, committed 28544K, reserved 1048576K
Event: 6393.033 GC heap after
Heap after GC invocations=120 (full 18):
 PSYoungGen      total 196608K, used 11619K [0x000000076ab00000, 0x000000077a400000, 0x00000007c0000000)
  eden space 143360K, 0% used [0x000000076ab00000,0x000000076ab00000,0x0000000773700000)
  from space 53248K, 21% used [0x0000000777000000,0x0000000777b58d80,0x000000077a400000)
  to   space 55808K, 0% used [0x0000000773700000,0x0000000773700000,0x0000000776d80000)
 ParOldGen       total 154624K, used 101769K [0x00000006c0000000, 0x00000006c9700000, 0x000000076ab00000)
  object space 154624K, 65% used [0x00000006c0000000,0x00000006c63626b8,0x00000006c9700000)
 Metaspace       used 189633K, capacity 201412K, committed 203648K, reserved 1224704K
  class space    used 24586K, capacity 28110K, committed 28544K, reserved 1048576K
}
Event: 6393.033 GC heap before
{Heap before GC invocations=121 (full 19):
 PSYoungGen      total 196608K, used 11619K [0x000000076ab00000, 0x000000077a400000, 0x00000007c0000000)
  eden space 143360K, 0% used [0x000000076ab00000,0x000000076ab00000,0x0000000773700000)
  from space 53248K, 21% used [0x0000000777000000,0x0000000777b58d80,0x000000077a400000)
  to   space 55808K, 0% used [0x0000000773700000,0x0000000773700000,0x0000000776d80000)
 ParOldGen       total 154624K, used 101769K [0x00000006c0000000, 0x00000006c9700000, 0x000000076ab00000)
  object space 154624K, 65% used [0x00000006c0000000,0x00000006c63626b8,0x00000006c9700000)
 Metaspace       used 189633K, capacity 201412K, committed 203648K, reserved 1224704K
  class space    used 24586K, capacity 28110K, committed 28544K, reserved 1048576K
Event: 6393.528 GC heap after
Heap after GC invocations=121 (full 19):
 PSYoungGen      total 196608K, used 0K [0x000000076ab00000, 0x000000077a400000, 0x00000007c0000000)
  eden space 143360K, 0% used [0x000000076ab00000,0x000000076ab00000,0x0000000773700000)
  from space 53248K, 0% used [0x0000000777000000,0x0000000777000000,0x000000077a400000)
  to   space 55808K, 0% used [0x0000000773700000,0x0000000773700000,0x0000000776d80000)
 ParOldGen       total 154624K, used 109778K [0x00000006c0000000, 0x00000006c9700000, 0x000000076ab00000)
  object space 154624K, 70% used [0x00000006c0000000,0x00000006c6b348e0,0x00000006c9700000)
 Metaspace       used 189633K, capacity 201412K, committed 203648K, reserved 1224704K
  class space    used 24586K, capacity 28110K, committed 28544K, reserved 1048576K
}
Event: 6407.430 GC heap before
{Heap before GC invocations=122 (full 19):
 PSYoungGen      total 196608K, used 143360K [0x000000076ab00000, 0x000000077a400000, 0x00000007c0000000)
  eden space 143360K, 100% used [0x000000076ab00000,0x0000000773700000,0x0000000773700000)
  from space 53248K, 0% used [0x0000000777000000,0x0000000777000000,0x000000077a400000)
  to   space 55808K, 0% used [0x0000000773700000,0x0000000773700000,0x0000000776d80000)
 ParOldGen       total 154624K, used 109778K [0x00000006c0000000, 0x00000006c9700000, 0x000000076ab00000)
  object space 154624K, 70% used [0x00000006c0000000,0x00000006c6b348e0,0x00000006c9700000)
 Metaspace       used 189746K, capacity 201610K, committed 203648K, reserved 1224704K
  class space    used 24600K, capacity 28148K, committed 28544K, reserved 1048576K
Event: 6407.437 GC heap after
Heap after GC invocations=122 (full 19):
 PSYoungGen      total 199168K, used 5204K [0x000000076ab00000, 0x000000077a300000, 0x00000007c0000000)
  eden space 143360K, 0% used [0x000000076ab00000,0x000000076ab00000,0x0000000773700000)
  from space 55808K, 9% used [0x0000000773700000,0x0000000773c15068,0x0000000776d80000)
  to   space 54784K, 0% used [0x0000000776d80000,0x0000000776d80000,0x000000077a300000)
 ParOldGen       total 154624K, used 109786K [0x00000006c0000000, 0x00000006c9700000, 0x000000076ab00000)
  object space 154624K, 71% used [0x00000006c0000000,0x00000006c6b368e0,0x00000006c9700000)
 Metaspace       used 189746K, capacity 201610K, committed 203648K, reserved 1224704K
  class space    used 24600K, capacity 28148K, committed 28544K, reserved 1048576K
}

Deoptimization events (10 events):
Event: 6109.223 Thread 0x00007f932bfa0800 Uncommon trap: reason=class_check action=maybe_recompile pc=0x000000010f90fe88 method=org.gradle.api.internal.project.taskfactory.AnnotationProcessingTaskFactory$Validator.addInputsAndOutputs(Lorg/gradle/api/internal/TaskInternal;)V @ 2
Event: 6109.225 Thread 0x00007f932bfa0800 Uncommon trap: reason=class_check action=maybe_recompile pc=0x000000010f90fe88 method=org.gradle.api.internal.project.taskfactory.AnnotationProcessingTaskFactory$Validator.addInputsAndOutputs(Lorg/gradle/api/internal/TaskInternal;)V @ 2
Event: 6109.226 Thread 0x00007f932bfa0800 Uncommon trap: reason=class_check action=maybe_recompile pc=0x000000010f90fe88 method=org.gradle.api.internal.project.taskfactory.AnnotationProcessingTaskFactory$Validator.addInputsAndOutputs(Lorg/gradle/api/internal/TaskInternal;)V @ 2
Event: 6392.611 Thread 0x00007f932f187000 Uncommon trap: reason=bimorphic action=maybe_recompile pc=0x00000001102b16bc method=org.gradle.api.internal.tasks.DefaultTaskContainer.create(Ljava/util/Map;)Lorg/gradle/api/Task; @ 55
Event: 6392.612 Thread 0x00007f932f187000 Uncommon trap: reason=bimorphic action=maybe_recompile pc=0x00000001102b16bc method=org.gradle.api.internal.tasks.DefaultTaskContainer.create(Ljava/util/Map;)Lorg/gradle/api/Task; @ 55
Event: 6392.613 Thread 0x00007f932f187000 Uncommon trap: reason=bimorphic action=maybe_recompile pc=0x00000001102b16bc method=org.gradle.api.internal.tasks.DefaultTaskContainer.create(Ljava/util/Map;)Lorg/gradle/api/Task; @ 55
Event: 6392.614 Thread 0x00007f932f187000 Uncommon trap: reason=bimorphic action=maybe_recompile pc=0x00000001102b16bc method=org.gradle.api.internal.tasks.DefaultTaskContainer.create(Ljava/util/Map;)Lorg/gradle/api/Task; @ 55
Event: 6392.627 Thread 0x00007f932f187000 Uncommon trap: reason=null_check action=make_not_entrant pc=0x00000001102a305c method=org.gradle.mvn3.org.apache.maven.settings.io.xpp3.SettingsXpp3Reader.checkFieldWithDuplicate(Lorg/gradle/mvn3/org/codehaus/plexus/util/xml/pull/XmlPullParser;Ljava/lang/
Event: 6409.724 Thread 0x00007f932f187000 Uncommon trap: reason=class_check action=maybe_recompile pc=0x000000011031a1b4 method=org.gradle.api.internal.project.taskfactory.TaskFactory.createTask(Ljava/util/Map;)Lorg/gradle/api/internal/TaskInternal; @ 171
Event: 6409.738 Thread 0x00007f932f187000 Uncommon trap: reason=null_check action=make_not_entrant pc=0x00000001102fb590 method=java.beans.Introspector.isAssignable(Ljava/lang/Class;Ljava/lang/Class;)Z @ 18

Internal exceptions (10 events):
Event: 6409.807 Thread 0x00007f932f187000 Exception <a 'java/lang/ClassNotFoundException': net/praqma/gradle/docker/jobs/ContainerJobCustomizer> (0x000000076e93f208) thrown at [/HUDSON/workspace/8-2-build-macosx-x86_64/jdk8/1854/hotspot/src/share/vm/classfile/systemDictionary.cpp, line 202]
Event: 6409.807 Thread 0x00007f932f187000 Exception <a 'java/security/PrivilegedActionException'> (0x000000076e96c818) thrown at [/HUDSON/workspace/8-2-build-macosx-x86_64/jdk8/1854/hotspot/src/share/vm/prims/jvm.cpp, line 1248]
Event: 6409.808 Thread 0x00007f932f187000 Exception <a 'java/security/PrivilegedActionException'> (0x000000076e974a58) thrown at [/HUDSON/workspace/8-2-build-macosx-x86_64/jdk8/1854/hotspot/src/share/vm/prims/jvm.cpp, line 1248]
Event: 6409.808 Thread 0x00007f932f187000 Exception <a 'java/lang/ClassNotFoundException': net/praqma/gradle/docker/jobs/ContainerJob$StopCustomizer> (0x000000076e9752f0) thrown at [/HUDSON/workspace/8-2-build-macosx-x86_64/jdk8/1854/hotspot/src/share/vm/classfile/systemDictionary.cpp, line 202]
Event: 6409.809 Thread 0x00007f932d185000 Exception <a 'java/security/PrivilegedActionException'> (0x000000076eac9ec0) thrown at [/HUDSON/workspace/8-2-build-macosx-x86_64/jdk8/1854/hotspot/src/share/vm/prims/jvm.cpp, line 1248]
Event: 6409.809 Thread 0x00007f932d185000 Exception <a 'java/security/PrivilegedActionException'> (0x000000076eaca870) thrown at [/HUDSON/workspace/8-2-build-macosx-x86_64/jdk8/1854/hotspot/src/share/vm/prims/jvm.cpp, line 1248]
Event: 6409.809 Thread 0x00007f932d185000 Exception <a 'java/security/PrivilegedActionException'> (0x000000076ead1838) thrown at [/HUDSON/workspace/8-2-build-macosx-x86_64/jdk8/1854/hotspot/src/share/vm/prims/jvm.cpp, line 1248]
Event: 6409.810 Thread 0x00007f9332d85000 Exception <a 'java/security/PrivilegedActionException'> (0x000000076eb759e8) thrown at [/HUDSON/workspace/8-2-build-macosx-x86_64/jdk8/1854/hotspot/src/share/vm/prims/jvm.cpp, line 1248]
Event: 6409.810 Thread 0x00007f9332d85000 Exception <a 'java/security/PrivilegedActionException'> (0x000000076eb764d0) thrown at [/HUDSON/workspace/8-2-build-macosx-x86_64/jdk8/1854/hotspot/src/share/vm/prims/jvm.cpp, line 1248]
Event: 6409.810 Thread 0x00007f9332d85000 Exception <a 'java/security/PrivilegedActionException'> (0x000000076eb7eae0) thrown at [/HUDSON/workspace/8-2-build-macosx-x86_64/jdk8/1854/hotspot/src/share/vm/prims/jvm.cpp, line 1248]

Events (10 events):
Event: 6409.810 Executing VM operation: RevokeBias
Event: 6409.811 Executing VM operation: RevokeBias done
Event: 6409.811 Executing VM operation: RevokeBias
Event: 6409.811 Executing VM operation: RevokeBias done
Event: 6409.811 Executing VM operation: RevokeBias
Event: 6409.811 Executing VM operation: RevokeBias done
Event: 6409.811 Executing VM operation: RevokeBias
Event: 6409.812 Executing VM operation: RevokeBias done
Event: 6409.812 Executing VM operation: RevokeBias
Event: 6409.812 Executing VM operation: RevokeBias done


Dynamic libraries:
0x0000000008fe0000 	/System/Library/Frameworks/Cocoa.framework/Versions/A/Cocoa
0x0000000008fe0000 	/System/Library/Frameworks/Security.framework/Versions/A/Security
0x0000000008fe0000 	/System/Library/Frameworks/ApplicationServices.framework/Versions/A/ApplicationServices
0x0000000008fe0000 	/usr/lib/libz.1.dylib
0x0000000008fe0000 	/usr/lib/libSystem.B.dylib
0x0000000008fe0000 	/usr/lib/libobjc.A.dylib
0x0000000008fe0000 	/System/Library/Frameworks/CoreFoundation.framework/Versions/A/CoreFoundation
0x0000000008fe0000 	/System/Library/Frameworks/Foundation.framework/Versions/C/Foundation
0x0000000008fe0000 	/System/Library/Frameworks/AppKit.framework/Versions/C/AppKit
0x0000000008fe0000 	/System/Library/Frameworks/CoreData.framework/Versions/A/CoreData
0x0000000008fe0000 	/System/Library/PrivateFrameworks/RemoteViewServices.framework/Versions/A/RemoteViewServices
0x0000000008fe0000 	/System/Library/Frameworks/AudioToolbox.framework/Versions/A/AudioToolbox
0x0000000008fe0000 	/System/Library/Frameworks/AudioUnit.framework/Versions/A/AudioUnit
0x0000000008fe0000 	/System/Library/PrivateFrameworks/DataDetectorsCore.framework/Versions/A/DataDetectorsCore
0x0000000008fe0000 	/System/Library/PrivateFrameworks/DesktopServicesPriv.framework/Versions/A/DesktopServicesPriv
0x0000000008fe0000 	/System/Library/Frameworks/Carbon.framework/Versions/A/Frameworks/HIToolbox.framework/Versions/A/HIToolbox
0x0000000008fe0000 	/System/Library/Frameworks/QuartzCore.framework/Versions/A/QuartzCore
0x0000000008fe0000 	/System/Library/Frameworks/Carbon.framework/Versions/A/Frameworks/SpeechRecognition.framework/Versions/A/SpeechRecognition
0x0000000008fe0000 	/usr/lib/libauto.dylib
0x0000000008fe0000 	/usr/lib/libicucore.A.dylib
0x0000000008fe0000 	/usr/lib/libxml2.2.dylib
0x0000000008fe0000 	/System/Library/PrivateFrameworks/CoreUI.framework/Versions/A/CoreUI
0x0000000008fe0000 	/System/Library/Frameworks/CoreAudio.framework/Versions/A/CoreAudio
0x0000000008fe0000 	/System/Library/Frameworks/DiskArbitration.framework/Versions/A/DiskArbitration
0x0000000008fe0000 	/usr/lib/liblangid.dylib
0x0000000008fe0000 	/System/Library/PrivateFrameworks/MultitouchSupport.framework/Versions/A/MultitouchSupport
0x0000000008fe0000 	/System/Library/Frameworks/IOKit.framework/Versions/A/IOKit
0x0000000008fe0000 	/usr/lib/libDiagnosticMessagesClient.dylib
0x0000000008fe0000 	/System/Library/Frameworks/CoreServices.framework/Versions/A/CoreServices
0x0000000008fe0000 	/System/Library/PrivateFrameworks/PerformanceAnalysis.framework/Versions/A/PerformanceAnalysis
0x0000000008fe0000 	/System/Library/PrivateFrameworks/GenerationalStorage.framework/Versions/A/GenerationalStorage
0x0000000008fe0000 	/System/Library/Frameworks/OpenGL.framework/Versions/A/OpenGL
0x0000000008fe0000 	/System/Library/PrivateFrameworks/Sharing.framework/Versions/A/Sharing
0x0000000008fe0000 	/System/Library/Frameworks/ImageIO.framework/Versions/A/ImageIO
0x0000000008fe0000 	/System/Library/Frameworks/CoreText.framework/Versions/A/CoreText
0x0000000008fe0000 	/System/Library/Frameworks/CoreGraphics.framework/Versions/A/CoreGraphics
0x0000000008fe0000 	/System/Library/PrivateFrameworks/Backup.framework/Versions/A/Backup
0x0000000008fe0000 	/System/Library/Frameworks/CFNetwork.framework/Versions/A/CFNetwork
0x0000000008fe0000 	/System/Library/Frameworks/SystemConfiguration.framework/Versions/A/SystemConfiguration
0x0000000008fe0000 	/usr/lib/libCRFSuite.dylib
0x0000000008fe0000 	/usr/lib/libc++.1.dylib
0x0000000008fe0000 	/usr/lib/libc++abi.dylib
0x0000000008fe0000 	/usr/lib/system/libcache.dylib
0x0000000008fe0000 	/usr/lib/system/libcommonCrypto.dylib
0x0000000008fe0000 	/usr/lib/system/libcompiler_rt.dylib
0x0000000008fe0000 	/usr/lib/system/libcopyfile.dylib
0x0000000008fe0000 	/usr/lib/system/libcorecrypto.dylib
0x0000000008fe0000 	/usr/lib/system/libdispatch.dylib
0x0000000008fe0000 	/usr/lib/system/libdyld.dylib
0x0000000008fe0000 	/usr/lib/system/libkeymgr.dylib
0x0000000008fe0000 	/usr/lib/system/liblaunch.dylib
0x0000000008fe0000 	/usr/lib/system/libmacho.dylib
0x0000000008fe0000 	/usr/lib/system/libquarantine.dylib
0x0000000008fe0000 	/usr/lib/system/libremovefile.dylib
0x0000000008fe0000 	/usr/lib/system/libsystem_asl.dylib
0x0000000008fe0000 	/usr/lib/system/libsystem_blocks.dylib
0x0000000008fe0000 	/usr/lib/system/libsystem_c.dylib
0x0000000008fe0000 	/usr/lib/system/libsystem_configuration.dylib
0x0000000008fe0000 	/usr/lib/system/libsystem_dnssd.dylib
0x0000000008fe0000 	/usr/lib/system/libsystem_info.dylib
0x0000000008fe0000 	/usr/lib/system/libsystem_kernel.dylib
0x0000000008fe0000 	/usr/lib/system/libsystem_m.dylib
0x0000000008fe0000 	/usr/lib/system/libsystem_malloc.dylib
0x0000000008fe0000 	/usr/lib/system/libsystem_network.dylib
0x0000000008fe0000 	/usr/lib/system/libsystem_notify.dylib
0x0000000008fe0000 	/usr/lib/system/libsystem_platform.dylib
0x0000000008fe0000 	/usr/lib/system/libsystem_pthread.dylib
0x0000000008fe0000 	/usr/lib/system/libsystem_sandbox.dylib
0x0000000008fe0000 	/usr/lib/system/libsystem_stats.dylib
0x0000000008fe0000 	/usr/lib/system/libunc.dylib
0x0000000008fe0000 	/usr/lib/system/libunwind.dylib
0x0000000008fe0000 	/usr/lib/system/libxpc.dylib
0x0000000008fe0000 	/usr/lib/libbsm.0.dylib
0x0000000008fe0000 	/usr/lib/libsqlite3.dylib
0x0000000008fe0000 	/usr/lib/libxar.1.dylib
0x0000000008fe0000 	/usr/lib/libpam.2.dylib
0x0000000008fe0000 	/usr/lib/libOpenScriptingUtil.dylib
0x0000000008fe0000 	/usr/lib/libbz2.1.0.dylib
0x0000000008fe0000 	/System/Library/Frameworks/CoreServices.framework/Versions/A/Frameworks/CarbonCore.framework/Versions/A/CarbonCore
0x0000000008fe0000 	/System/Library/Frameworks/CoreServices.framework/Versions/A/Frameworks/Metadata.framework/Versions/A/Metadata
0x0000000008fe0000 	/System/Library/Frameworks/CoreServices.framework/Versions/A/Frameworks/OSServices.framework/Versions/A/OSServices
0x0000000008fe0000 	/System/Library/Frameworks/CoreServices.framework/Versions/A/Frameworks/SearchKit.framework/Versions/A/SearchKit
0x0000000008fe0000 	/System/Library/Frameworks/CoreServices.framework/Versions/A/Frameworks/AE.framework/Versions/A/AE
0x0000000008fe0000 	/System/Library/Frameworks/CoreServices.framework/Versions/A/Frameworks/LaunchServices.framework/Versions/A/LaunchServices
0x0000000008fe0000 	/System/Library/Frameworks/CoreServices.framework/Versions/A/Frameworks/DictionaryServices.framework/Versions/A/DictionaryServices
0x0000000008fe0000 	/System/Library/Frameworks/NetFS.framework/Versions/A/NetFS
0x0000000008fe0000 	/usr/lib/system/libkxld.dylib
0x0000000008fe0000 	/System/Library/PrivateFrameworks/NetAuth.framework/Versions/A/NetAuth
0x0000000008fe0000 	/System/Library/PrivateFrameworks/TCC.framework/Versions/A/TCC
0x0000000008fe0000 	/System/Library/Frameworks/OpenDirectory.framework/Versions/A/Frameworks/CFOpenDirectory.framework/Versions/A/CFOpenDirectory
0x0000000008fe0000 	/System/Library/Frameworks/ServiceManagement.framework/Versions/A/ServiceManagement
0x0000000008fe0000 	/usr/lib/libxslt.1.dylib
0x0000000008fe0000 	/System/Library/Frameworks/Carbon.framework/Versions/A/Frameworks/Ink.framework/Versions/A/Ink
0x0000000008fe0000 	/System/Library/Frameworks/ApplicationServices.framework/Versions/A/Frameworks/ATS.framework/Versions/A/ATS
0x0000000008fe0000 	/System/Library/Frameworks/ApplicationServices.framework/Versions/A/Frameworks/ColorSync.framework/Versions/A/ColorSync
0x0000000008fe0000 	/System/Library/Frameworks/ApplicationServices.framework/Versions/A/Frameworks/HIServices.framework/Versions/A/HIServices
0x0000000008fe0000 	/System/Library/Frameworks/ApplicationServices.framework/Versions/A/Frameworks/LangAnalysis.framework/Versions/A/LangAnalysis
0x0000000008fe0000 	/System/Library/Frameworks/ApplicationServices.framework/Versions/A/Frameworks/PrintCore.framework/Versions/A/PrintCore
0x0000000008fe0000 	/System/Library/Frameworks/ApplicationServices.framework/Versions/A/Frameworks/QD.framework/Versions/A/QD
0x0000000008fe0000 	/System/Library/Frameworks/ApplicationServices.framework/Versions/A/Frameworks/SpeechSynthesis.framework/Versions/A/SpeechSynthesis
0x0000000008fe0000 	/System/Library/Frameworks/IOSurface.framework/Versions/A/IOSurface
0x0000000008fe0000 	/System/Library/Frameworks/Accelerate.framework/Versions/A/Accelerate
0x0000000008fe0000 	/System/Library/Frameworks/Accelerate.framework/Versions/A/Frameworks/vImage.framework/Versions/A/vImage
0x0000000008fe0000 	/System/Library/Frameworks/Accelerate.framework/Versions/A/Frameworks/vecLib.framework/Versions/A/vecLib
0x0000000008fe0000 	/System/Library/Frameworks/Accelerate.framework/Versions/A/Frameworks/vecLib.framework/Versions/A/libvDSP.dylib
0x0000000008fe0000 	/System/Library/Frameworks/Accelerate.framework/Versions/A/Frameworks/vecLib.framework/Versions/A/libvMisc.dylib
0x0000000008fe0000 	/System/Library/Frameworks/Accelerate.framework/Versions/A/Frameworks/vecLib.framework/Versions/A/libLAPACK.dylib
0x0000000008fe0000 	/System/Library/Frameworks/Accelerate.framework/Versions/A/Frameworks/vecLib.framework/Versions/A/libBLAS.dylib
0x0000000008fe0000 	/System/Library/Frameworks/ApplicationServices.framework/Versions/A/Frameworks/ATS.framework/Versions/A/Resources/libFontParser.dylib
0x0000000008fe0000 	/System/Library/Frameworks/ApplicationServices.framework/Versions/A/Frameworks/ATS.framework/Versions/A/Resources/libFontRegistry.dylib
0x0000000008fe0000 	/System/Library/Frameworks/ImageIO.framework/Versions/A/Resources/libJPEG.dylib
0x0000000008fe0000 	/System/Library/Frameworks/ImageIO.framework/Versions/A/Resources/libTIFF.dylib
0x0000000008fe0000 	/System/Library/Frameworks/ImageIO.framework/Versions/A/Resources/libPng.dylib
0x0000000008fe0000 	/System/Library/Frameworks/ImageIO.framework/Versions/A/Resources/libGIF.dylib
0x0000000008fe0000 	/System/Library/Frameworks/ImageIO.framework/Versions/A/Resources/libJP2.dylib
0x0000000008fe0000 	/System/Library/Frameworks/ImageIO.framework/Versions/A/Resources/libRadiance.dylib
0x0000000008fe0000 	/usr/lib/libcups.2.dylib
0x0000000008fe0000 	/System/Library/Frameworks/Kerberos.framework/Versions/A/Kerberos
0x0000000008fe0000 	/System/Library/Frameworks/GSS.framework/Versions/A/GSS
0x0000000008fe0000 	/usr/lib/libresolv.9.dylib
0x0000000008fe0000 	/usr/lib/libiconv.2.dylib
0x0000000008fe0000 	/System/Library/PrivateFrameworks/Heimdal.framework/Versions/A/Heimdal
0x0000000008fe0000 	/System/Library/PrivateFrameworks/TrustEvaluationAgent.framework/Versions/A/TrustEvaluationAgent
0x0000000008fe0000 	/usr/lib/libheimdal-asn1.dylib
0x0000000008fe0000 	/System/Library/Frameworks/OpenDirectory.framework/Versions/A/OpenDirectory
0x0000000008fe0000 	/System/Library/PrivateFrameworks/CommonAuth.framework/Versions/A/CommonAuth
0x0000000008fe0000 	/System/Library/Frameworks/SecurityFoundation.framework/Versions/A/SecurityFoundation
0x0000000008fe0000 	/System/Library/PrivateFrameworks/Bom.framework/Versions/A/Bom
0x0000000008fe0000 	/System/Library/Frameworks/CoreVideo.framework/Versions/A/CoreVideo
0x0000000008fe0000 	/System/Library/Frameworks/QuartzCore.framework/Versions/A/Frameworks/CoreImage.framework/Versions/A/CoreImage
0x0000000008fe0000 	/System/Library/Frameworks/QuartzCore.framework/Versions/A/Frameworks/ScalableUserInterface.framework/Versions/A/ScalableUserInterface
0x0000000008fe0000 	/System/Library/Frameworks/OpenGL.framework/Versions/A/Libraries/libGLU.dylib
0x0000000008fe0000 	/System/Library/Frameworks/OpenGL.framework/Versions/A/Libraries/libGFXShared.dylib
0x0000000008fe0000 	/System/Library/Frameworks/OpenGL.framework/Versions/A/Libraries/libGL.dylib
0x0000000008fe0000 	/System/Library/Frameworks/OpenGL.framework/Versions/A/Libraries/libGLImage.dylib
0x0000000008fe0000 	/System/Library/Frameworks/OpenGL.framework/Versions/A/Libraries/libCVMSPluginSupport.dylib
0x0000000008fe0000 	/System/Library/Frameworks/OpenGL.framework/Versions/A/Libraries/libCoreVMClient.dylib
0x0000000008fe0000 	/System/Library/PrivateFrameworks/FaceCore.framework/Versions/A/FaceCore
0x0000000008fe0000 	/System/Library/PrivateFrameworks/CrashReporterSupport.framework/Versions/A/CrashReporterSupport
0x0000000008fe0000 	/System/Library/Frameworks/OpenCL.framework/Versions/A/OpenCL
0x0000000008fe0000 	/System/Library/PrivateFrameworks/AppleFSCompression.framework/Versions/A/AppleFSCompression
0x0000000008fe0000 	/System/Library/PrivateFrameworks/Ubiquity.framework/Versions/A/Ubiquity
0x0000000008fe0000 	/System/Library/PrivateFrameworks/IconServices.framework/Versions/A/IconServices
0x0000000008fe0000 	/System/Library/PrivateFrameworks/ChunkingLibrary.framework/Versions/A/ChunkingLibrary
0x0000000008fe0000 	/System/Library/PrivateFrameworks/CoreSymbolication.framework/Versions/A/CoreSymbolication
0x0000000008fe0000 	/System/Library/PrivateFrameworks/Symbolication.framework/Versions/A/Symbolication
0x0000000008fe0000 	/System/Library/PrivateFrameworks/DebugSymbols.framework/Versions/A/DebugSymbols
0x0000000109a00000 	/Library/Java/JavaVirtualMachines/jdk1.8.0.jdk/Contents/Home/jre/lib/server/libjvm.dylib
0x0000000008fe0000 	/usr/lib/libstdc++.6.dylib
0x0000000108921000 	/Library/Java/JavaVirtualMachines/jdk1.8.0.jdk/Contents/Home/jre/lib/libverify.dylib
0x000000010892f000 	/Library/Java/JavaVirtualMachines/jdk1.8.0.jdk/Contents/Home/jre/lib/libjava.dylib
0x000000010896d000 	/Library/Java/JavaVirtualMachines/jdk1.8.0.jdk/Contents/Home/jre/lib/libzip.dylib
0x0000000126418000 	/System/Library/Frameworks/JavaVM.framework/Frameworks/JavaRuntimeSupport.framework/JavaRuntimeSupport
0x0000000126430000 	/System/Library/Frameworks/JavaVM.framework/Versions/A/Frameworks/JavaNativeFoundation.framework/Versions/A/JavaNativeFoundation
0x00000001089ef000 	/System/Library/Frameworks/JavaVM.framework/Versions/A/JavaVM
0x0000000008fe0000 	/System/Library/Frameworks/Carbon.framework/Versions/A/Carbon
0x0000000126445000 	/System/Library/PrivateFrameworks/JavaLaunching.framework/Versions/A/JavaLaunching
0x0000000008fe0000 	/System/Library/Frameworks/Carbon.framework/Versions/A/Frameworks/CommonPanels.framework/Versions/A/CommonPanels
0x0000000008fe0000 	/System/Library/Frameworks/Carbon.framework/Versions/A/Frameworks/Help.framework/Versions/A/Help
0x0000000008fe0000 	/System/Library/Frameworks/Carbon.framework/Versions/A/Frameworks/ImageCapture.framework/Versions/A/ImageCapture
0x0000000008fe0000 	/System/Library/Frameworks/Carbon.framework/Versions/A/Frameworks/OpenScripting.framework/Versions/A/OpenScripting
0x0000000008fe0000 	/System/Library/Frameworks/Carbon.framework/Versions/A/Frameworks/Print.framework/Versions/A/Print
0x0000000008fe0000 	/System/Library/Frameworks/Carbon.framework/Versions/A/Frameworks/SecurityHI.framework/Versions/A/SecurityHI
0x0000000126e63000 	/Library/Java/JavaVirtualMachines/jdk1.8.0.jdk/Contents/Home/jre/lib/libnet.dylib
0x000000012750e000 	/private/var/folders/46/3c3g1mhs2r32068_0bgw1jxw0000gn/T/native-platform6011542934403799481dir/libnative-platform.dylib
0x0000000127513000 	/Library/Java/JavaVirtualMachines/jdk1.8.0.jdk/Contents/Home/jre/lib/libnio.dylib

VM Arguments:
jvm_args: -XX:MaxPermSize=512M -Xmx4096M -Dfile.encoding=US-ASCII 
java_command: org.gradle.launcher.daemon.bootstrap.GradleDaemon 2.0 /Users/jan/.gradle/daemon 10800000 fadc8be6-5a2d-4b33-ba3e-9aac621c3c7a -XX:MaxPermSize=512M -Xmx4096M -Dfile.encoding=US-ASCII
java_class_path (initial): /Users/jan/.gradle/wrapper/dists/gradle-2.0-all/7rd4e4rcg4riqi0j6j508m2lbk/gradle-2.0/lib/gradle-launcher-2.0.jar
Launcher Type: SUN_STANDARD

Environment Variables:
PATH=/Users/jan/bin:/usr/local/bin:/usr/bin:/bin:/usr/sbin:/sbin:/Users/jan/projects/unuxus/bin
SHELL=/usr/local/bin/zsh

Signal Handlers:
SIGSEGV: [libjvm.dylib+0x55fe1f], sa_mask[0]=0xfffefeff, sa_flags=0x00000043
SIGBUS: [libjvm.dylib+0x55fe1f], sa_mask[0]=0xfffefeff, sa_flags=0x00000042
SIGFPE: [libjvm.dylib+0x44337e], sa_mask[0]=0xfffefeff, sa_flags=0x00000042
SIGPIPE: [libjvm.dylib+0x44337e], sa_mask[0]=0xfffefeff, sa_flags=0x00000042
SIGXFSZ: [libjvm.dylib+0x44337e], sa_mask[0]=0xfffefeff, sa_flags=0x00000042
SIGILL: [libjvm.dylib+0x44337e], sa_mask[0]=0xfffefeff, sa_flags=0x00000042
SIGUSR1: SIG_DFL, sa_mask[0]=0x00000000, sa_flags=0x00000002
SIGUSR2: [libjvm.dylib+0x442e9c], sa_mask[0]=0x00000004, sa_flags=0x00000042
SIGHUP: [libjvm.dylib+0x441229], sa_mask[0]=0xfffefeff, sa_flags=0x00000042
SIGINT: [libjvm.dylib+0x441229], sa_mask[0]=0xfffefeff, sa_flags=0x00000042
SIGTERM: [libjvm.dylib+0x441229], sa_mask[0]=0xfffefeff, sa_flags=0x00000042
SIGQUIT: [libjvm.dylib+0x441229], sa_mask[0]=0xfffefeff, sa_flags=0x00000042


---------------  S Y S T E M  ---------------

OS:Bsduname:Darwin 13.3.0 Darwin Kernel Version 13.3.0: Tue Jun  3 21:27:35 PDT 2014; root:xnu-2422.110.17~1/RELEASE_X86_64 x86_64
rlimit: STACK 8192k, CORE 0k, NPROC 709, NOFILE 10240, AS infinity
load average:1.91 1.80 1.79

CPU:total 8 (4 cores per cpu, 2 threads per core) family 6 model 70 stepping 1, cmov, cx8, fxsr, mmx, sse, sse2, sse3, ssse3, sse4.1, sse4.2, popcnt, avx, avx2, aes, clmul, erms, ht, tsc, tscinvbit

Memory: 4k page, physical 16777216k(3225336k free)

/proc/meminfo:


vm_info: Java HotSpot(TM) 64-Bit Server VM (25.0-b69) for bsd-amd64 JRE (1.8.0-b129), built on Feb  7 2014 12:20:56 by "java_re" with gcc 4.2.1 (Based on Apple Inc. build 5658) (LLVM build 2336.11.00)

time: Sun Aug 31 04:50:40 2014
elapsed time: 6409 seconds

